TN:
SF:src/index.ts
FN:53,(anonymous_1)
FN:70,(anonymous_2)
FN:101,(anonymous_3)
FN:143,(anonymous_4)
FN:199,(anonymous_5)
FN:220,(anonymous_6)
FN:227,(anonymous_7)
FN:239,(anonymous_8)
FN:251,(anonymous_9)
FN:266,(anonymous_10)
FN:272,(anonymous_11)
FN:279,(anonymous_12)
FN:293,(anonymous_13)
FN:308,normalizePhone
FN:331,normalizeEmail
FNF:15
FNH:15
FNDA:32,(anonymous_1)
FNDA:38,(anonymous_2)
FNDA:17,(anonymous_3)
FNDA:14,(anonymous_4)
FNDA:12,(anonymous_5)
FNDA:3,(anonymous_6)
FNDA:1,(anonymous_7)
FNDA:5,(anonymous_8)
FNDA:4,(anonymous_9)
FNDA:4,(anonymous_10)
FNDA:4,(anonymous_11)
FNDA:4,(anonymous_12)
FNDA:4,(anonymous_13)
FNDA:5,normalizePhone
FNDA:3,normalizeEmail
DA:27,2
DA:30,2
DA:31,2
DA:32,2
DA:33,2
DA:34,2
DA:47,2
DA:51,32
DA:54,32
DA:55,1
DA:58,31
DA:59,1
DA:62,30
DA:63,30
DA:64,30
DA:71,38
DA:72,38
DA:73,12
DA:76,26
DA:82,26
DA:90,26
DA:91,26
DA:102,17
DA:103,1
DA:107,16
DA:108,1
DA:111,15
DA:112,15
DA:114,15
DA:118,15
DA:123,15
DA:126,15
DA:133,15
DA:144,14
DA:145,1
DA:149,13
DA:150,1
DA:153,12
DA:154,12
DA:155,12
DA:158,12
DA:159,0
DA:162,12
DA:163,12
DA:164,0
DA:167,12
DA:168,12
DA:169,12
DA:171,12
DA:173,12
DA:177,12
DA:179,12
DA:184,9
DA:186,3
DA:200,12
DA:201,1
DA:205,11
DA:208,11
DA:212,11
DA:213,11
DA:214,11
DA:221,3
DA:228,1
DA:235,2
DA:240,5
DA:241,2
DA:243,3
DA:244,3
DA:245,3
DA:252,4
DA:253,1
DA:255,3
DA:256,3
DA:257,1
DA:259,2
DA:260,2
DA:267,4
DA:268,1
DA:270,3
DA:272,4
DA:280,4
DA:281,1
DA:283,3
DA:284,3
DA:285,1
DA:287,2
DA:294,4
DA:295,1
DA:297,3
DA:298,3
DA:299,1
DA:301,2
DA:308,2
DA:309,5
DA:310,1
DA:313,4
DA:316,4
DA:317,1
DA:321,4
DA:322,1
DA:325,4
DA:331,2
DA:332,3
DA:333,1
DA:335,2
DA:338,2
LF:106
LH:104
BRDA:54,0,0,1
BRDA:58,1,0,1
BRDA:63,2,0,30
BRDA:63,2,1,28
BRDA:64,3,0,30
BRDA:64,3,1,28
BRDA:72,4,0,12
BRDA:101,5,0,0
BRDA:102,6,0,1
BRDA:107,7,0,1
BRDA:143,8,0,0
BRDA:144,9,0,1
BRDA:149,10,0,1
BRDA:158,11,0,0
BRDA:163,12,0,0
BRDA:199,13,0,0
BRDA:200,14,0,1
BRDA:221,15,0,3
BRDA:221,15,1,2
BRDA:240,16,0,2
BRDA:240,17,0,5
BRDA:240,17,1,4
BRDA:244,18,0,2
BRDA:244,18,1,1
BRDA:252,19,0,1
BRDA:256,20,0,1
BRDA:259,21,0,1
BRDA:259,21,1,1
BRDA:267,22,0,1
BRDA:272,23,0,3
BRDA:272,23,1,1
BRDA:280,24,0,1
BRDA:284,25,0,1
BRDA:294,26,0,1
BRDA:298,27,0,1
BRDA:309,28,0,1
BRDA:316,29,0,1
BRDA:316,30,0,4
BRDA:316,30,1,3
BRDA:321,31,0,1
BRDA:332,32,0,1
BRF:41
BRH:36
end_of_record
